Determining if the pthread_create exist failed with the following output:
Change Dir: /home/tangliyao/Research-Lib/Interface/pytorch/build/CMakeFiles/CMakeTmp

Run Build Command(s):/usr/bin/make cmTC_d35d5/fast 
/usr/bin/make -f CMakeFiles/cmTC_d35d5.dir/build.make CMakeFiles/cmTC_d35d5.dir/build
make[1]: Entering directory '/home/tangliyao/Research-Lib/Interface/pytorch/build/CMakeFiles/CMakeTmp'
Building C object CMakeFiles/cmTC_d35d5.dir/CheckSymbolExists.c.o
/usr/bin/cc    -o CMakeFiles/cmTC_d35d5.dir/CheckSymbolExists.c.o   -c /home/tangliyao/Research-Lib/Interface/pytorch/build/CMakeFiles/CMakeTmp/CheckSymbolExists.c
Linking C executable cmTC_d35d5
/home/tangliyao/.local/lib/python3.6/site-packages/cmake/data/bin/cmake -E cmake_link_script CMakeFiles/cmTC_d35d5.dir/link.txt --verbose=1
/usr/bin/cc      -rdynamic CMakeFiles/cmTC_d35d5.dir/CheckSymbolExists.c.o  -o cmTC_d35d5 
CMakeFiles/cmTC_d35d5.dir/CheckSymbolExists.c.o: In function `main':
CheckSymbolExists.c:(.text+0x16): undefined reference to `pthread_create'
collect2: error: ld returned 1 exit status
CMakeFiles/cmTC_d35d5.dir/build.make:86: recipe for target 'cmTC_d35d5' failed
make[1]: *** [cmTC_d35d5] Error 1
make[1]: Leaving directory '/home/tangliyao/Research-Lib/Interface/pytorch/build/CMakeFiles/CMakeTmp'
Makefile:121: recipe for target 'cmTC_d35d5/fast' failed
make: *** [cmTC_d35d5/fast] Error 2

File /home/tangliyao/Research-Lib/Interface/pytorch/build/CMakeFiles/CMakeTmp/CheckSymbolExists.c:
/* */
#include <pthread.h>

int main(int argc, char** argv)
{
  (void)argv;
#ifndef pthread_create
  return ((int*)(&pthread_create))[argc];
#else
  (void)argc;
  return 0;
#endif
}

Determining if the function pthread_create exists in the pthreads failed with the following output:
Change Dir: /home/tangliyao/Research-Lib/Interface/pytorch/build/CMakeFiles/CMakeTmp

Run Build Command(s):/usr/bin/make cmTC_63536/fast 
/usr/bin/make -f CMakeFiles/cmTC_63536.dir/build.make CMakeFiles/cmTC_63536.dir/build
make[1]: Entering directory '/home/tangliyao/Research-Lib/Interface/pytorch/build/CMakeFiles/CMakeTmp'
Building C object CMakeFiles/cmTC_63536.dir/CheckFunctionExists.c.o
/usr/bin/cc   -DCHECK_FUNCTION_EXISTS=pthread_create   -o CMakeFiles/cmTC_63536.dir/CheckFunctionExists.c.o   -c /home/tangliyao/.local/lib/python3.6/site-packages/cmake/data/share/cmake-3.14/Modules/CheckFunctionExists.c
Linking C executable cmTC_63536
/home/tangliyao/.local/lib/python3.6/site-packages/cmake/data/bin/cmake -E cmake_link_script CMakeFiles/cmTC_63536.dir/link.txt --verbose=1
/usr/bin/cc  -DCHECK_FUNCTION_EXISTS=pthread_create    -rdynamic CMakeFiles/cmTC_63536.dir/CheckFunctionExists.c.o  -o cmTC_63536 -lpthreads 
/usr/bin/ld: cannot find -lpthreads
collect2: error: ld returned 1 exit status
CMakeFiles/cmTC_63536.dir/build.make:86: recipe for target 'cmTC_63536' failed
make[1]: *** [cmTC_63536] Error 1
make[1]: Leaving directory '/home/tangliyao/Research-Lib/Interface/pytorch/build/CMakeFiles/CMakeTmp'
Makefile:121: recipe for target 'cmTC_63536/fast' failed
make: *** [cmTC_63536/fast] Error 2


